<?xml version="1.0" encoding="UTF-8"?>
<coverage generated="1723007541160" clover="3.2.0">
  <project timestamp="1723007541160" name="All files">
    <metrics statements="16" coveredstatements="12" conditionals="0" coveredconditionals="0" methods="5" coveredmethods="1" elements="21" coveredelements="13" complexity="0" loc="16" ncloc="16" packages="1" files="1" classes="1"/>
    <file name="Restaurants.tsx" path="C:\Users\Shubham\OneDrive\Desktop\FoodOderingApp\src\component\Restaurants.tsx">
      <metrics statements="16" coveredstatements="12" conditionals="0" coveredconditionals="0" methods="5" coveredmethods="1"/>
      <line num="1" count="1" type="stmt"/>
      <line num="2" count="1" type="stmt"/>
      <line num="4" count="1" type="stmt"/>
      <line num="5" count="1" type="stmt"/>
      <line num="29" count="1" type="stmt"/>
      <line num="30" count="1" type="stmt"/>
      <line num="31" count="1" type="stmt"/>
      <line num="32" count="1" type="stmt"/>
      <line num="34" count="1" type="stmt"/>
      <line num="35" count="0" type="stmt"/>
      <line num="38" count="1" type="stmt"/>
      <line num="39" count="0" type="stmt"/>
      <line num="57" count="1" type="stmt"/>
      <line num="58" count="0" type="stmt"/>
      <line num="59" count="0" type="stmt"/>
      <line num="71" count="1" type="stmt"/>
    </file>
  </project>
</coverage>
