{"C:\\Users\\Shubham\\OneDrive\\Desktop\\FoodOderingApp\\src\\component\\Restaurants.tsx": {"path":"C:\\Users\\Shubham\\OneDrive\\Desktop\\FoodOderingApp\\src\\component\\Restaurants.tsx","statementMap":{"0":{"start":{"line":1,"column":0},"end":{"line":1,"column":26}},"1":{"start":{"line":2,"column":0},"end":{"line":2,"column":47}},"2":{"start":{"line":4,"column":12},"end":{"line":4,"column":95}},"3":{"start":{"line":5,"column":16},"end":{"line":5,"column":50}},"4":{"start":{"line":29,"column":48},"end":{"line":52,"column":1}},"5":{"start":{"line":30,"column":2},"end":{"line":30,"column":30}},"6":{"start":{"line":31,"column":63},"end":{"line":31,"column":79}},"7":{"start":{"line":32,"column":19},"end":{"line":32,"column":32}},"8":{"start":{"line":34,"column":25},"end":{"line":36,"column":3}},"9":{"start":{"line":35,"column":4},"end":{"line":35,"column":23}},"10":{"start":{"line":38,"column":2},"end":{"line":51,"column":4}},"11":{"start":{"line":39,"column":51},"end":{"line":39,"column":69}},"12":{"start":{"line":57,"column":33},"end":{"line":69,"column":1}},"13":{"start":{"line":58,"column":2},"end":{"line":68,"column":4}},"14":{"start":{"line":59,"column":4},"end":{"line":67,"column":6}},"15":{"start":{"line":57,"column":13},"end":{"line":57,"column":33}},"16":{"start":{"line":71,"column":0},"end":{"line":71,"column":27}}},"fnMap":{"0":{"name":"(anonymous_1)","decl":{"start":{"line":29,"column":48},"end":{"line":29,"column":49}},"loc":{"start":{"line":29,"column":63},"end":{"line":52,"column":1}}},"1":{"name":"(anonymous_2)","decl":{"start":{"line":34,"column":25},"end":{"line":34,"column":26}},"loc":{"start":{"line":34,"column":40},"end":{"line":36,"column":3}}},"2":{"name":"(anonymous_3)","decl":{"start":{"line":39,"column":45},"end":{"line":39,"column":48}},"loc":{"start":{"line":39,"column":51},"end":{"line":39,"column":69}}},"3":{"name":"(anonymous_4)","decl":{"start":{"line":57,"column":33},"end":{"line":57,"column":34}},"loc":{"start":{"line":57,"column":57},"end":{"line":69,"column":1}}},"4":{"name":"(anonymous_5)","decl":{"start":{"line":58,"column":9},"end":{"line":58,"column":10}},"loc":{"start":{"line":58,"column":24},"end":{"line":68,"column":3}}}},"branchMap":{},"s":{"0":1,"1":1,"2":1,"3":1,"4":1,"5":1,"6":1,"7":1,"8":1,"9":0,"10":1,"11":0,"12":1,"13":0,"14":0,"15":1,"16":1},"f":{"0":1,"1":0,"2":0,"3":0,"4":0},"b":{}}
}
