{"C:\\Users\\Shubham\\OneDrive\\Desktop\\FoodOderingApp\\src\\component\\Body.tsx": {"path":"C:\\Users\\Shubham\\OneDrive\\Desktop\\FoodOderingApp\\src\\component\\Body.tsx","statementMap":{"0":{"start":{"line":1,"column":0},"end":{"line":1,"column":51}},"1":{"start":{"line":2,"column":0},"end":{"line":2,"column":30}},"2":{"start":{"line":3,"column":0},"end":{"line":3,"column":46}},"3":{"start":{"line":4,"column":0},"end":{"line":4,"column":46}},"4":{"start":{"line":5,"column":0},"end":{"line":5,"column":43}},"5":{"start":{"line":6,"column":0},"end":{"line":6,"column":28}},"6":{"start":{"line":7,"column":0},"end":{"line":7,"column":54}},"7":{"start":{"line":8,"column":0},"end":{"line":8,"column":58}},"8":{"start":{"line":9,"column":13},"end":{"line":84,"column":1}},"9":{"start":{"line":10,"column":46},"end":{"line":10,"column":63}},"10":{"start":{"line":11,"column":42},"end":{"line":11,"column":59}},"11":{"start":{"line":12,"column":30},"end":{"line":12,"column":54}},"12":{"start":{"line":14,"column":23},"end":{"line":14,"column":40}},"13":{"start":{"line":16,"column":2},"end":{"line":20,"column":9}},"14":{"start":{"line":19,"column":4},"end":{"line":19,"column":20}},"15":{"start":{"line":27,"column":24},"end":{"line":32,"column":3}},"16":{"start":{"line":28,"column":4},"end":{"line":28,"column":20}},"17":{"start":{"line":29,"column":4},"end":{"line":31,"column":13}},"18":{"start":{"line":30,"column":6},"end":{"line":30,"column":20}},"19":{"start":{"line":34,"column":22},"end":{"line":38,"column":3}},"20":{"start":{"line":35,"column":4},"end":{"line":35,"column":38}},"21":{"start":{"line":36,"column":4},"end":{"line":36,"column":36}},"22":{"start":{"line":37,"column":4},"end":{"line":37,"column":21}},"23":{"start":{"line":40,"column":27},"end":{"line":50,"column":3}},"24":{"start":{"line":41,"column":4},"end":{"line":41,"column":42}},"25":{"start":{"line":42,"column":4},"end":{"line":49,"column":5}},"26":{"start":{"line":43,"column":6},"end":{"line":43,"column":38}},"27":{"start":{"line":45,"column":27},"end":{"line":46,"column":null}},"28":{"start":{"line":46,"column":8},"end":{"line":46,"column":73}},"29":{"start":{"line":48,"column":6},"end":{"line":48,"column":39}},"30":{"start":{"line":52,"column":29},"end":{"line":58,"column":3}},"31":{"start":{"line":53,"column":4},"end":{"line":53,"column":20}},"32":{"start":{"line":54,"column":4},"end":{"line":57,"column":13}},"33":{"start":{"line":55,"column":6},"end":{"line":55,"column":36}},"34":{"start":{"line":56,"column":6},"end":{"line":56,"column":23}},"35":{"start":{"line":60,"column":2},"end":{"line":83,"column":4}},"36":{"start":{"line":86,"column":0},"end":{"line":86,"column":20}}},"fnMap":{"0":{"name":"(anonymous_7)","decl":{"start":{"line":9,"column":13},"end":{"line":9,"column":16}},"loc":{"start":{"line":9,"column":18},"end":{"line":84,"column":1}}},"1":{"name":"(anonymous_8)","decl":{"start":{"line":16,"column":12},"end":{"line":16,"column":15}},"loc":{"start":{"line":16,"column":17},"end":{"line":20,"column":3}}},"2":{"name":"(anonymous_9)","decl":{"start":{"line":27,"column":24},"end":{"line":27,"column":27}},"loc":{"start":{"line":27,"column":29},"end":{"line":32,"column":3}}},"3":{"name":"(anonymous_10)","decl":{"start":{"line":29,"column":15},"end":{"line":29,"column":18}},"loc":{"start":{"line":29,"column":20},"end":{"line":31,"column":5}}},"4":{"name":"(anonymous_11)","decl":{"start":{"line":34,"column":22},"end":{"line":34,"column":25}},"loc":{"start":{"line":34,"column":27},"end":{"line":38,"column":3}}},"5":{"name":"(anonymous_12)","decl":{"start":{"line":40,"column":27},"end":{"line":40,"column":28}},"loc":{"start":{"line":40,"column":50},"end":{"line":50,"column":3}}},"6":{"name":"(anonymous_13)","decl":{"start":{"line":45,"column":50},"end":{"line":45,"column":51}},"loc":{"start":{"line":46,"column":8},"end":{"line":46,"column":73}}},"7":{"name":"(anonymous_14)","decl":{"start":{"line":52,"column":29},"end":{"line":52,"column":30}},"loc":{"start":{"line":52,"column":51},"end":{"line":58,"column":3}}},"8":{"name":"(anonymous_15)","decl":{"start":{"line":54,"column":15},"end":{"line":54,"column":18}},"loc":{"start":{"line":54,"column":20},"end":{"line":57,"column":5}}}},"branchMap":{"0":{"loc":{"start":{"line":42,"column":4},"end":{"line":49,"column":5}},"type":"if","locations":[{"start":{"line":42,"column":4},"end":{"line":49,"column":5}},{"start":{"line":44,"column":11},"end":{"line":49,"column":5}}]},"1":{"loc":{"start":{"line":42,"column":8},"end":{"line":42,"column":57}},"type":"binary-expr","locations":[{"start":{"line":42,"column":8},"end":{"line":42,"column":25}},{"start":{"line":42,"column":29},"end":{"line":42,"column":57}}]},"2":{"loc":{"start":{"line":42,"column":29},"end":{"line":42,"column":51}},"type":"cond-expr","locations":[{"start":{"line":42,"column":43},"end":{"line":42,"column":45}},{"start":{"line":42,"column":29},"end":{"line":42,"column":51}}]},"3":{"loc":{"start":{"line":42,"column":29},"end":{"line":42,"column":45}},"type":"binary-expr","locations":[{"start":{"line":42,"column":29},"end":{"line":42,"column":45}},{"start":{"line":42,"column":29},"end":{"line":42,"column":45}}]},"4":{"loc":{"start":{"line":45,"column":27},"end":{"line":46,"column":null}},"type":"cond-expr","locations":[{"start":{"line":45,"column":41},"end":{"line":45,"column":43}},{"start":{"line":45,"column":27},"end":{"line":46,"column":null}}]},"5":{"loc":{"start":{"line":45,"column":27},"end":{"line":45,"column":43}},"type":"binary-expr","locations":[{"start":{"line":45,"column":27},"end":{"line":45,"column":43}},{"start":{"line":45,"column":27},"end":{"line":45,"column":43}}]},"6":{"loc":{"start":{"line":46,"column":8},"end":{"line":46,"column":73}},"type":"cond-expr","locations":[{"start":{"line":46,"column":18},"end":{"line":46,"column":20}},{"start":{"line":46,"column":8},"end":{"line":46,"column":73}}]},"7":{"loc":{"start":{"line":46,"column":8},"end":{"line":46,"column":20}},"type":"binary-expr","locations":[{"start":{"line":46,"column":8},"end":{"line":46,"column":20}},{"start":{"line":46,"column":8},"end":{"line":46,"column":20}}]},"8":{"loc":{"start":{"line":62,"column":7},"end":{"line":80,"column":null}},"type":"cond-expr","locations":[{"start":{"line":63,"column":8},"end":{"line":75,"column":null}},{"start":{"line":78,"column":8},"end":{"line":79,"column":null}}]},"9":{"loc":{"start":{"line":66,"column":11},"end":{"line":74,"column":null}},"type":"cond-expr","locations":[{"start":{"line":67,"column":12},"end":{"line":67,"column":24}},{"start":{"line":69,"column":12},"end":{"line":73,"column":null}}]},"10":{"loc":{"start":{"line":69,"column":12},"end":{"line":73,"column":null}},"type":"binary-expr","locations":[{"start":{"line":69,"column":12},"end":{"line":69,"column":24}},{"start":{"line":70,"column":14},"end":{"line":72,"column":null}}]}},"s":{"0":1,"1":1,"2":1,"3":1,"4":1,"5":1,"6":1,"7":1,"8":1,"9":7,"10":7,"11":7,"12":7,"13":7,"14":2,"15":7,"16":2,"17":2,"18":2,"19":7,"20":2,"21":2,"22":2,"23":7,"24":1,"25":1,"26":0,"27":1,"28":12,"29":1,"30":7,"31":1,"32":1,"33":1,"34":1,"35":7,"36":1},"f":{"0":7,"1":2,"2":2,"3":2,"4":2,"5":1,"6":12,"7":1,"8":1},"b":{"0":[0,1],"1":[1,0],"2":[0,0],"3":[0,0],"4":[0,1],"5":[1,1],"6":[0,12],"7":[12,12],"8":[7,0],"9":[3,4],"10":[4,4]}}
,"C:\\Users\\Shubham\\OneDrive\\Desktop\\FoodOderingApp\\src\\component\\Header.tsx": {"path":"C:\\Users\\Shubham\\OneDrive\\Desktop\\FoodOderingApp\\src\\component\\Header.tsx","statementMap":{"0":{"start":{"line":1,"column":0},"end":{"line":1,"column":40}},"1":{"start":{"line":2,"column":0},"end":{"line":2,"column":39}},"2":{"start":{"line":3,"column":0},"end":{"line":3,"column":40}},"3":{"start":{"line":4,"column":0},"end":{"line":4,"column":54}},"4":{"start":{"line":5,"column":0},"end":{"line":5,"column":42}},"5":{"start":{"line":7,"column":0},"end":{"line":7,"column":49}},"6":{"start":{"line":9,"column":15},"end":{"line":53,"column":1}},"7":{"start":{"line":10,"column":15},"end":{"line":10,"column":60}},"8":{"start":{"line":10,"column":49},"end":{"line":10,"column":59}},"9":{"start":{"line":11,"column":28},"end":{"line":11,"column":43}},"10":{"start":{"line":12,"column":31},"end":{"line":12,"column":40}},"11":{"start":{"line":14,"column":23},"end":{"line":14,"column":40}},"12":{"start":{"line":15,"column":2},"end":{"line":52,"column":4}},"13":{"start":{"line":44,"column":12},"end":{"line":44,"column":24}},"14":{"start":{"line":55,"column":0},"end":{"line":55,"column":22}}},"fnMap":{"0":{"name":"(anonymous_7)","decl":{"start":{"line":9,"column":15},"end":{"line":9,"column":18}},"loc":{"start":{"line":9,"column":20},"end":{"line":53,"column":1}}},"1":{"name":"(anonymous_8)","decl":{"start":{"line":10,"column":27},"end":{"line":10,"column":28}},"loc":{"start":{"line":10,"column":49},"end":{"line":10,"column":59}}},"2":{"name":"(anonymous_9)","decl":{"start":{"line":43,"column":19},"end":{"line":43,"column":22}},"loc":{"start":{"line":43,"column":24},"end":{"line":45,"column":11}}}},"branchMap":{"0":{"loc":{"start":{"line":19,"column":9},"end":{"line":20,"column":null}},"type":"binary-expr","locations":[{"start":{"line":19,"column":9},"end":{"line":19,"column":26}},{"start":{"line":20,"column":10},"end":{"line":20,"column":66}}]},"1":{"loc":{"start":{"line":19,"column":9},"end":{"line":19,"column":26}},"type":"cond-expr","locations":[{"start":{"line":19,"column":14},"end":{"line":19,"column":16}},{"start":{"line":19,"column":9},"end":{"line":19,"column":26}}]},"2":{"loc":{"start":{"line":19,"column":9},"end":{"line":19,"column":16}},"type":"binary-expr","locations":[{"start":{"line":19,"column":9},"end":{"line":19,"column":16}},{"start":{"line":19,"column":9},"end":{"line":19,"column":16}}]},"3":{"loc":{"start":{"line":20,"column":39},"end":{"line":20,"column":60}},"type":"binary-expr","locations":[{"start":{"line":20,"column":39},"end":{"line":20,"column":54}},{"start":{"line":20,"column":58},"end":{"line":20,"column":60}}]},"4":{"loc":{"start":{"line":20,"column":39},"end":{"line":20,"column":54}},"type":"cond-expr","locations":[{"start":{"line":20,"column":44},"end":{"line":20,"column":46}},{"start":{"line":20,"column":39},"end":{"line":20,"column":54}}]},"5":{"loc":{"start":{"line":20,"column":39},"end":{"line":20,"column":46}},"type":"binary-expr","locations":[{"start":{"line":20,"column":39},"end":{"line":20,"column":46}},{"start":{"line":20,"column":39},"end":{"line":20,"column":46}}]},"6":{"loc":{"start":{"line":26,"column":27},"end":{"line":26,"column":52}},"type":"cond-expr","locations":[{"start":{"line":26,"column":42},"end":{"line":26,"column":45}},{"start":{"line":26,"column":48},"end":{"line":26,"column":52}}]},"7":{"loc":{"start":{"line":38,"column":57},"end":{"line":38,"column":68}},"type":"cond-expr","locations":[{"start":{"line":38,"column":61},"end":{"line":38,"column":63}},{"start":{"line":38,"column":57},"end":{"line":38,"column":68}}]},"8":{"loc":{"start":{"line":38,"column":57},"end":{"line":38,"column":63}},"type":"binary-expr","locations":[{"start":{"line":38,"column":57},"end":{"line":38,"column":63}},{"start":{"line":38,"column":57},"end":{"line":38,"column":63}}]},"9":{"loc":{"start":{"line":48,"column":11},"end":{"line":48,"column":63}},"type":"cond-expr","locations":[{"start":{"line":48,"column":31},"end":{"line":48,"column":46}},{"start":{"line":48,"column":49},"end":{"line":48,"column":63}}]},"10":{"loc":{"start":{"line":48,"column":11},"end":{"line":48,"column":28}},"type":"cond-expr","locations":[{"start":{"line":48,"column":16},"end":{"line":48,"column":18}},{"start":{"line":48,"column":11},"end":{"line":48,"column":28}}]},"11":{"loc":{"start":{"line":48,"column":11},"end":{"line":48,"column":18}},"type":"binary-expr","locations":[{"start":{"line":48,"column":11},"end":{"line":48,"column":18}},{"start":{"line":48,"column":11},"end":{"line":48,"column":18}}]}},"s":{"0":1,"1":1,"2":1,"3":1,"4":1,"5":1,"6":1,"7":1,"8":2,"9":1,"10":1,"11":1,"12":1,"13":0,"14":1},"f":{"0":1,"1":2,"2":0},"b":{"0":[1,0],"1":[0,1],"2":[1,1],"3":[0,0],"4":[0,0],"5":[0,0],"6":[1,0],"7":[0,1],"8":[1,1],"9":[0,1],"10":[0,1],"11":[1,1]}}
,"C:\\Users\\Shubham\\OneDrive\\Desktop\\FoodOderingApp\\src\\component\\RestaurantList.tsx": {"path":"C:\\Users\\Shubham\\OneDrive\\Desktop\\FoodOderingApp\\src\\component\\RestaurantList.tsx","statementMap":{"0":{"start":{"line":1,"column":0},"end":{"line":1,"column":26}},"1":{"start":{"line":2,"column":0},"end":{"line":2,"column":63}},"2":{"start":{"line":4,"column":23},"end":{"line":20,"column":1}},"3":{"start":{"line":5,"column":29},"end":{"line":5,"column":59}},"4":{"start":{"line":6,"column":2},"end":{"line":6,"column":47}},"5":{"start":{"line":7,"column":2},"end":{"line":19,"column":4}},"6":{"start":{"line":11,"column":10},"end":{"line":14,"column":null}},"7":{"start":{"line":22,"column":0},"end":{"line":22,"column":30}}},"fnMap":{"0":{"name":"(anonymous_7)","decl":{"start":{"line":4,"column":23},"end":{"line":4,"column":24}},"loc":{"start":{"line":4,"column":47},"end":{"line":20,"column":1}}},"1":{"name":"(anonymous_8)","decl":{"start":{"line":10,"column":25},"end":{"line":10,"column":26}},"loc":{"start":{"line":11,"column":10},"end":{"line":14,"column":null}}}},"branchMap":{"0":{"loc":{"start":{"line":10,"column":9},"end":{"line":15,"column":null}},"type":"cond-expr","locations":[{"start":{"line":10,"column":19},"end":{"line":10,"column":21}},{"start":{"line":10,"column":9},"end":{"line":15,"column":null}}]},"1":{"loc":{"start":{"line":10,"column":9},"end":{"line":10,"column":21}},"type":"binary-expr","locations":[{"start":{"line":10,"column":9},"end":{"line":10,"column":21}},{"start":{"line":10,"column":9},"end":{"line":10,"column":21}}]},"2":{"loc":{"start":{"line":11,"column":10},"end":{"line":14,"column":null}},"type":"cond-expr","locations":[{"start":{"line":12,"column":12},"end":{"line":12,"column":74}},{"start":{"line":14,"column":12},"end":{"line":14,"column":67}}]}},"s":{"0":1,"1":1,"2":1,"3":4,"4":4,"5":4,"6":14,"7":1},"f":{"0":4,"1":14},"b":{"0":[0,4],"1":[4,4],"2":[7,7]}}
,"C:\\Users\\Shubham\\OneDrive\\Desktop\\FoodOderingApp\\src\\component\\Restaurants.tsx": {"path":"C:\\Users\\Shubham\\OneDrive\\Desktop\\FoodOderingApp\\src\\component\\Restaurants.tsx","statementMap":{"0":{"start":{"line":1,"column":0},"end":{"line":1,"column":26}},"1":{"start":{"line":2,"column":0},"end":{"line":2,"column":47}},"2":{"start":{"line":4,"column":12},"end":{"line":4,"column":95}},"3":{"start":{"line":5,"column":16},"end":{"line":5,"column":50}},"4":{"start":{"line":29,"column":48},"end":{"line":56,"column":1}},"5":{"start":{"line":30,"column":2},"end":{"line":30,"column":30}},"6":{"start":{"line":31,"column":63},"end":{"line":31,"column":79}},"7":{"start":{"line":32,"column":19},"end":{"line":32,"column":32}},"8":{"start":{"line":34,"column":25},"end":{"line":36,"column":3}},"9":{"start":{"line":38,"column":2},"end":{"line":55,"column":4}},"10":{"start":{"line":41,"column":21},"end":{"line":41,"column":39}},"11":{"start":{"line":61,"column":33},"end":{"line":73,"column":1}},"12":{"start":{"line":62,"column":2},"end":{"line":72,"column":4}},"13":{"start":{"line":63,"column":4},"end":{"line":71,"column":6}},"14":{"start":{"line":61,"column":13},"end":{"line":61,"column":33}},"15":{"start":{"line":75,"column":0},"end":{"line":75,"column":27}}},"fnMap":{"0":{"name":"(anonymous_1)","decl":{"start":{"line":29,"column":48},"end":{"line":29,"column":49}},"loc":{"start":{"line":29,"column":63},"end":{"line":56,"column":1}}},"1":{"name":"(anonymous_2)","decl":{"start":{"line":34,"column":25},"end":{"line":34,"column":26}},"loc":{"start":{"line":34,"column":40},"end":{"line":36,"column":3}}},"2":{"name":"(anonymous_3)","decl":{"start":{"line":41,"column":15},"end":{"line":41,"column":18}},"loc":{"start":{"line":41,"column":21},"end":{"line":41,"column":39}}},"3":{"name":"(anonymous_4)","decl":{"start":{"line":61,"column":33},"end":{"line":61,"column":34}},"loc":{"start":{"line":61,"column":57},"end":{"line":73,"column":1}}},"4":{"name":"(anonymous_5)","decl":{"start":{"line":62,"column":9},"end":{"line":62,"column":10}},"loc":{"start":{"line":62,"column":24},"end":{"line":72,"column":3}}}},"branchMap":{},"s":{"0":2,"1":2,"2":2,"3":2,"4":2,"5":15,"6":15,"7":15,"8":15,"9":15,"10":0,"11":2,"12":4,"13":7,"14":2,"15":2},"f":{"0":15,"1":0,"2":0,"3":4,"4":7},"b":{}}
,"C:\\Users\\Shubham\\OneDrive\\Desktop\\FoodOderingApp\\src\\component\\Search.tsx": {"path":"C:\\Users\\Shubham\\OneDrive\\Desktop\\FoodOderingApp\\src\\component\\Search.tsx","statementMap":{"0":{"start":{"line":1,"column":0},"end":{"line":1,"column":40}},"1":{"start":{"line":3,"column":15},"end":{"line":31,"column":1}},"2":{"start":{"line":4,"column":38},"end":{"line":4,"column":50}},"3":{"start":{"line":5,"column":25},"end":{"line":7,"column":3}},"4":{"start":{"line":6,"column":4},"end":{"line":6,"column":34}},"5":{"start":{"line":9,"column":2},"end":{"line":30,"column":4}},"6":{"start":{"line":24,"column":10},"end":{"line":24,"column":40}},"7":{"start":{"line":33,"column":0},"end":{"line":33,"column":22}}},"fnMap":{"0":{"name":"(anonymous_6)","decl":{"start":{"line":3,"column":15},"end":{"line":3,"column":16}},"loc":{"start":{"line":3,"column":45},"end":{"line":31,"column":1}}},"1":{"name":"(anonymous_7)","decl":{"start":{"line":5,"column":25},"end":{"line":5,"column":26}},"loc":{"start":{"line":5,"column":36},"end":{"line":7,"column":3}}},"2":{"name":"(anonymous_8)","decl":{"start":{"line":23,"column":17},"end":{"line":23,"column":20}},"loc":{"start":{"line":23,"column":22},"end":{"line":25,"column":9}}}},"branchMap":{"0":{"loc":{"start":{"line":6,"column":17},"end":{"line":6,"column":32}},"type":"cond-expr","locations":[{"start":{"line":6,"column":18},"end":{"line":6,"column":20}},{"start":{"line":6,"column":17},"end":{"line":6,"column":32}}]},"1":{"loc":{"start":{"line":6,"column":17},"end":{"line":6,"column":20}},"type":"binary-expr","locations":[{"start":{"line":6,"column":17},"end":{"line":6,"column":20}},{"start":{"line":6,"column":17},"end":{"line":6,"column":20}}]}},"s":{"0":1,"1":1,"2":9,"3":9,"4":2,"5":9,"6":1,"7":1},"f":{"0":9,"1":2,"2":1},"b":{"0":[0,2],"1":[2,2]}}
,"C:\\Users\\Shubham\\OneDrive\\Desktop\\FoodOderingApp\\src\\component\\Title.tsx": {"path":"C:\\Users\\Shubham\\OneDrive\\Desktop\\FoodOderingApp\\src\\component\\Title.tsx","statementMap":{"0":{"start":{"line":1,"column":0},"end":{"line":1,"column":26}},"1":{"start":{"line":3,"column":14},"end":{"line":9,"column":1}},"2":{"start":{"line":4,"column":2},"end":{"line":8,"column":4}},"3":{"start":{"line":11,"column":0},"end":{"line":11,"column":21}}},"fnMap":{"0":{"name":"(anonymous_1)","decl":{"start":{"line":3,"column":14},"end":{"line":3,"column":15}},"loc":{"start":{"line":3,"column":44},"end":{"line":9,"column":1}}}},"branchMap":{},"s":{"0":1,"1":1,"2":7,"3":1},"f":{"0":7},"b":{}}
,"C:\\Users\\Shubham\\OneDrive\\Desktop\\FoodOderingApp\\src\\component\\skeleton\\Skeleton.tsx": {"path":"C:\\Users\\Shubham\\OneDrive\\Desktop\\FoodOderingApp\\src\\component\\skeleton\\Skeleton.tsx","statementMap":{"0":{"start":{"line":1,"column":0},"end":{"line":1,"column":26}},"1":{"start":{"line":3,"column":17},"end":{"line":18,"column":1}},"2":{"start":{"line":4,"column":2},"end":{"line":17,"column":4}},"3":{"start":{"line":20,"column":0},"end":{"line":20,"column":24}}},"fnMap":{"0":{"name":"(anonymous_1)","decl":{"start":{"line":3,"column":17},"end":{"line":3,"column":20}},"loc":{"start":{"line":3,"column":22},"end":{"line":18,"column":1}}}},"branchMap":{},"s":{"0":1,"1":1,"2":3,"3":1},"f":{"0":3},"b":{}}
,"C:\\Users\\Shubham\\OneDrive\\Desktop\\FoodOderingApp\\src\\context\\AuthContext.tsx": {"path":"C:\\Users\\Shubham\\OneDrive\\Desktop\\FoodOderingApp\\src\\context\\AuthContext.tsx","statementMap":{"0":{"start":{"line":1,"column":0},"end":{"line":1,"column":78}},"1":{"start":{"line":18,"column":32},"end":{"line":24,"column":2}},"2":{"start":{"line":25,"column":13},"end":{"line":29,"column":3}},"3":{"start":{"line":31,"column":63},"end":{"line":49,"column":1}},"4":{"start":{"line":34,"column":28},"end":{"line":34,"column":61}},"5":{"start":{"line":35,"column":19},"end":{"line":37,"column":3}},"6":{"start":{"line":36,"column":4},"end":{"line":36,"column":76}},"7":{"start":{"line":36,"column":23},"end":{"line":36,"column":74}},"8":{"start":{"line":39,"column":20},"end":{"line":42,"column":3}},"9":{"start":{"line":40,"column":4},"end":{"line":40,"column":57}},"10":{"start":{"line":40,"column":23},"end":{"line":40,"column":55}},"11":{"start":{"line":41,"column":4},"end":{"line":41,"column":36}},"12":{"start":{"line":44,"column":2},"end":{"line":48,"column":4}},"13":{"start":{"line":31,"column":13},"end":{"line":31,"column":63}},"14":{"start":{"line":51,"column":23},"end":{"line":57,"column":1}},"15":{"start":{"line":52,"column":18},"end":{"line":52,"column":41}},"16":{"start":{"line":53,"column":2},"end":{"line":55,"column":3}},"17":{"start":{"line":54,"column":4},"end":{"line":54,"column":67}},"18":{"start":{"line":56,"column":2},"end":{"line":56,"column":17}},"19":{"start":{"line":51,"column":13},"end":{"line":51,"column":23}}},"fnMap":{"0":{"name":"(anonymous_6)","decl":{"start":{"line":27,"column":12},"end":{"line":27,"column":15}},"loc":{"start":{"line":27,"column":17},"end":{"line":27,"column":20}}},"1":{"name":"(anonymous_7)","decl":{"start":{"line":28,"column":13},"end":{"line":28,"column":16}},"loc":{"start":{"line":28,"column":18},"end":{"line":28,"column":21}}},"2":{"name":"(anonymous_8)","decl":{"start":{"line":31,"column":63},"end":{"line":31,"column":64}},"loc":{"start":{"line":33,"column":5},"end":{"line":49,"column":1}}},"3":{"name":"(anonymous_9)","decl":{"start":{"line":35,"column":19},"end":{"line":35,"column":20}},"loc":{"start":{"line":35,"column":37},"end":{"line":37,"column":3}}},"4":{"name":"(anonymous_10)","decl":{"start":{"line":36,"column":13},"end":{"line":36,"column":14}},"loc":{"start":{"line":36,"column":23},"end":{"line":36,"column":74}}},"5":{"name":"(anonymous_11)","decl":{"start":{"line":39,"column":20},"end":{"line":39,"column":23}},"loc":{"start":{"line":39,"column":25},"end":{"line":42,"column":3}}},"6":{"name":"(anonymous_12)","decl":{"start":{"line":40,"column":13},"end":{"line":40,"column":14}},"loc":{"start":{"line":40,"column":23},"end":{"line":40,"column":55}}},"7":{"name":"(anonymous_13)","decl":{"start":{"line":51,"column":23},"end":{"line":51,"column":26}},"loc":{"start":{"line":51,"column":28},"end":{"line":57,"column":1}}}},"branchMap":{"0":{"loc":{"start":{"line":19,"column":12},"end":{"line":19,"column":47}},"type":"cond-expr","locations":[{"start":{"line":19,"column":41},"end":{"line":19,"column":45}},{"start":{"line":19,"column":45},"end":{"line":19,"column":47}}]},"1":{"loc":{"start":{"line":19,"column":12},"end":{"line":19,"column":45}},"type":"binary-expr","locations":[{"start":{"line":19,"column":12},"end":{"line":19,"column":45}},{"start":{"line":19,"column":41},"end":{"line":19,"column":45}}]},"2":{"loc":{"start":{"line":20,"column":14},"end":{"line":20,"column":58}},"type":"cond-expr","locations":[{"start":{"line":20,"column":46},"end":{"line":20,"column":50}},{"start":{"line":20,"column":53},"end":{"line":20,"column":58}}]},"3":{"loc":{"start":{"line":53,"column":2},"end":{"line":55,"column":3}},"type":"if","locations":[{"start":{"line":53,"column":2},"end":{"line":55,"column":3}}]}},"s":{"0":2,"1":2,"2":2,"3":2,"4":3,"5":3,"6":0,"7":0,"8":3,"9":0,"10":0,"11":0,"12":3,"13":2,"14":2,"15":1,"16":1,"17":0,"18":1,"19":2},"f":{"0":0,"1":0,"2":3,"3":0,"4":0,"5":0,"6":0,"7":1},"b":{"0":[0,2],"1":[2,0],"2":[0,2],"3":[0]}}
,"C:\\Users\\Shubham\\OneDrive\\Desktop\\FoodOderingApp\\src\\store\\appStore.ts": {"path":"C:\\Users\\Shubham\\OneDrive\\Desktop\\FoodOderingApp\\src\\store\\appStore.ts","statementMap":{"0":{"start":{"line":1,"column":0},"end":{"line":1,"column":50}},"1":{"start":{"line":2,"column":0},"end":{"line":2,"column":50}},"2":{"start":{"line":4,"column":17},"end":{"line":8,"column":2}},"3":{"start":{"line":10,"column":0},"end":{"line":10,"column":24}}},"fnMap":{},"branchMap":{},"s":{"0":2,"1":2,"2":2,"3":2},"f":{},"b":{}}
}
