TN:
SF:src\component\Body.tsx
FN:9,(anonymous_7)
FN:16,(anonymous_8)
FN:27,(anonymous_9)
FN:29,(anonymous_10)
FN:34,(anonymous_11)
FN:40,(anonymous_12)
FN:45,(anonymous_13)
FN:52,(anonymous_14)
FN:54,(anonymous_15)
FNF:9
FNH:9
FNDA:7,(anonymous_7)
FNDA:2,(anonymous_8)
FNDA:2,(anonymous_9)
FNDA:2,(anonymous_10)
FNDA:2,(anonymous_11)
FNDA:1,(anonymous_12)
FNDA:12,(anonymous_13)
FNDA:1,(anonymous_14)
FNDA:1,(anonymous_15)
DA:1,1
DA:2,1
DA:3,1
DA:4,1
DA:5,1
DA:6,1
DA:7,1
DA:8,1
DA:9,1
DA:10,7
DA:11,7
DA:12,7
DA:14,7
DA:16,7
DA:19,2
DA:27,7
DA:28,2
DA:29,2
DA:30,2
DA:34,7
DA:35,2
DA:36,2
DA:37,2
DA:40,7
DA:41,1
DA:42,1
DA:43,0
DA:45,1
DA:46,12
DA:48,1
DA:52,7
DA:53,1
DA:54,1
DA:55,1
DA:56,1
DA:60,7
DA:86,1
LF:37
LH:36
BRDA:42,0,0,0
BRDA:42,0,1,1
BRDA:42,1,0,1
BRDA:42,1,1,0
BRDA:42,2,0,0
BRDA:42,2,1,0
BRDA:42,3,0,0
BRDA:42,3,1,0
BRDA:45,4,0,0
BRDA:45,4,1,1
BRDA:45,5,0,1
BRDA:45,5,1,1
BRDA:46,6,0,0
BRDA:46,6,1,12
BRDA:46,7,0,12
BRDA:46,7,1,12
BRDA:62,8,0,7
BRDA:62,8,1,0
BRDA:66,9,0,3
BRDA:66,9,1,4
BRDA:69,10,0,4
BRDA:69,10,1,4
BRF:22
BRH:13
end_of_record
TN:
SF:src\component\Header.tsx
FN:9,(anonymous_7)
FN:10,(anonymous_8)
FN:43,(anonymous_9)
FNF:3
FNH:2
FNDA:1,(anonymous_7)
FNDA:2,(anonymous_8)
FNDA:0,(anonymous_9)
DA:1,1
DA:2,1
DA:3,1
DA:4,1
DA:5,1
DA:7,1
DA:9,1
DA:10,2
DA:11,1
DA:12,1
DA:14,1
DA:15,1
DA:44,0
DA:55,1
LF:14
LH:13
BRDA:19,0,0,1
BRDA:19,0,1,0
BRDA:19,1,0,0
BRDA:19,1,1,1
BRDA:19,2,0,1
BRDA:19,2,1,1
BRDA:20,3,0,0
BRDA:20,3,1,0
BRDA:20,4,0,0
BRDA:20,4,1,0
BRDA:20,5,0,0
BRDA:20,5,1,0
BRDA:26,6,0,1
BRDA:26,6,1,0
BRDA:38,7,0,0
BRDA:38,7,1,1
BRDA:38,8,0,1
BRDA:38,8,1,1
BRDA:48,9,0,0
BRDA:48,9,1,1
BRDA:48,10,0,0
BRDA:48,10,1,1
BRDA:48,11,0,1
BRDA:48,11,1,1
BRF:24
BRH:12
end_of_record
TN:
SF:src\component\RestaurantList.tsx
FN:4,(anonymous_7)
FN:10,(anonymous_8)
FNF:2
FNH:2
FNDA:4,(anonymous_7)
FNDA:14,(anonymous_8)
DA:1,1
DA:2,1
DA:4,1
DA:5,4
DA:6,4
DA:7,4
DA:11,14
DA:22,1
LF:8
LH:8
BRDA:10,0,0,0
BRDA:10,0,1,4
BRDA:10,1,0,4
BRDA:10,1,1,4
BRDA:11,2,0,7
BRDA:11,2,1,7
BRF:6
BRH:5
end_of_record
TN:
SF:src\component\Restaurants.tsx
FN:29,(anonymous_1)
FN:34,(anonymous_2)
FN:41,(anonymous_3)
FN:61,(anonymous_4)
FN:62,(anonymous_5)
FNF:5
FNH:3
FNDA:15,(anonymous_1)
FNDA:0,(anonymous_2)
FNDA:0,(anonymous_3)
FNDA:4,(anonymous_4)
FNDA:7,(anonymous_5)
DA:1,2
DA:2,2
DA:4,2
DA:5,2
DA:29,2
DA:30,15
DA:31,15
DA:32,15
DA:34,15
DA:38,15
DA:41,0
DA:61,2
DA:62,4
DA:63,7
DA:75,2
LF:15
LH:14
BRF:0
BRH:0
end_of_record
TN:
SF:src\component\Search.tsx
FN:3,(anonymous_6)
FN:5,(anonymous_7)
FN:23,(anonymous_8)
FNF:3
FNH:3
FNDA:9,(anonymous_6)
FNDA:2,(anonymous_7)
FNDA:1,(anonymous_8)
DA:1,1
DA:3,1
DA:4,9
DA:5,9
DA:6,2
DA:9,9
DA:24,1
DA:33,1
LF:8
LH:8
BRDA:6,0,0,0
BRDA:6,0,1,2
BRDA:6,1,0,2
BRDA:6,1,1,2
BRF:4
BRH:3
end_of_record
TN:
SF:src\component\Title.tsx
FN:3,(anonymous_1)
FNF:1
FNH:1
FNDA:7,(anonymous_1)
DA:1,1
DA:3,1
DA:4,7
DA:11,1
LF:4
LH:4
BRF:0
BRH:0
end_of_record
TN:
SF:src\component\skeleton\Skeleton.tsx
FN:3,(anonymous_1)
FNF:1
FNH:1
FNDA:3,(anonymous_1)
DA:1,1
DA:3,1
DA:4,3
DA:20,1
LF:4
LH:4
BRF:0
BRH:0
end_of_record
TN:
SF:src\context\AuthContext.tsx
FN:27,(anonymous_6)
FN:28,(anonymous_7)
FN:31,(anonymous_8)
FN:35,(anonymous_9)
FN:36,(anonymous_10)
FN:39,(anonymous_11)
FN:40,(anonymous_12)
FN:51,(anonymous_13)
FNF:8
FNH:2
FNDA:0,(anonymous_6)
FNDA:0,(anonymous_7)
FNDA:3,(anonymous_8)
FNDA:0,(anonymous_9)
FNDA:0,(anonymous_10)
FNDA:0,(anonymous_11)
FNDA:0,(anonymous_12)
FNDA:1,(anonymous_13)
DA:1,2
DA:18,2
DA:25,2
DA:31,2
DA:34,3
DA:35,3
DA:36,0
DA:39,3
DA:40,0
DA:41,0
DA:44,3
DA:51,2
DA:52,1
DA:53,1
DA:54,0
DA:56,1
LF:16
LH:12
BRDA:19,0,0,0
BRDA:19,0,1,2
BRDA:19,1,0,2
BRDA:19,1,1,0
BRDA:20,2,0,0
BRDA:20,2,1,2
BRDA:53,3,0,0
BRF:7
BRH:3
end_of_record
TN:
SF:src\store\appStore.ts
FNF:0
FNH:0
DA:1,2
DA:2,2
DA:4,2
DA:10,2
LF:4
LH:4
BRF:0
BRH:0
end_of_record
